0 info it worked if it ends with ok
1 verbose cli [ '/usr/bin/nodejs', '/usr/bin/npm', 'run', 'precommit' ]
2 info using npm@3.10.3
3 info using node@v6.4.0
4 verbose run-script [ 'precommit' ]
5 info lifecycle 2017.texascamp.org@0.3.0~precommit: 2017.texascamp.org@0.3.0
6 verbose lifecycle 2017.texascamp.org@0.3.0~precommit: unsafe-perm in lifecycle true
7 verbose lifecycle 2017.texascamp.org@0.3.0~precommit: PATH: /usr/lib/node_modules/npm/bin/node-gyp-bin:/var/www/texas-camp/node_modules/.bin:/usr/bin:/usr/lib/git-core:/home/jeff/.composer/vendor/bin:/usr/local/bin:/usr/bin:/bin:/usr/local/games:/usr/games
8 verbose lifecycle 2017.texascamp.org@0.3.0~precommit: CWD: /var/www/texas-camp
9 silly lifecycle 2017.texascamp.org@0.3.0~precommit: Args: [ '-c', 'npm run lint-code' ]
10 silly lifecycle 2017.texascamp.org@0.3.0~precommit: Returned: code: 1  signal: null
11 info lifecycle 2017.texascamp.org@0.3.0~precommit: Failed to exec precommit script
12 verbose stack Error: 2017.texascamp.org@0.3.0 precommit: `npm run lint-code`
12 verbose stack Exit status 1
12 verbose stack     at EventEmitter.<anonymous> (/usr/lib/node_modules/npm/lib/utils/lifecycle.js:242:16)
12 verbose stack     at emitTwo (events.js:106:13)
12 verbose stack     at EventEmitter.emit (events.js:191:7)
12 verbose stack     at ChildProcess.<anonymous> (/usr/lib/node_modules/npm/lib/utils/spawn.js:40:14)
12 verbose stack     at emitTwo (events.js:106:13)
12 verbose stack     at ChildProcess.emit (events.js:191:7)
12 verbose stack     at maybeClose (internal/child_process.js:852:16)
12 verbose stack     at Process.ChildProcess._handle.onexit (internal/child_process.js:215:5)
13 verbose pkgid 2017.texascamp.org@0.3.0
14 verbose cwd /var/www/texas-camp
15 error Linux 3.16.0-4-amd64
16 error argv "/usr/bin/nodejs" "/usr/bin/npm" "run" "precommit"
17 error node v6.4.0
18 error npm  v3.10.3
19 error code ELIFECYCLE
20 error 2017.texascamp.org@0.3.0 precommit: `npm run lint-code`
20 error Exit status 1
21 error Failed at the 2017.texascamp.org@0.3.0 precommit script 'npm run lint-code'.
21 error Make sure you have the latest version of node.js and npm installed.
21 error If you do, this is most likely a problem with the 2017.texascamp.org package,
21 error not with npm itself.
21 error Tell the author that this fails on your system:
21 error     npm run lint-code
21 error You can get information on how to open an issue for this project with:
21 error     npm bugs 2017.texascamp.org
21 error Or if that isn't available, you can get their info via:
21 error     npm owner ls 2017.texascamp.org
21 error There is likely additional logging output above.
22 verbose exit [ 1, true ]
